<?xml version="1.0" encoding="UTF-8"?>
<!-- Generated by org.testng.reporters.JUnitReportReporter -->
<testsuite hostname="Mukeshs-MacBook-Air.local" name="grid.SampleGridTestCase" tests="1" failures="0" timestamp="4 Nov 2017 04:50:18 GMT" time="24.830" errors="0">
  <testcase name="test1" time="24.830" classname="grid.SampleGridTestCase"/>
</testsuite> <!-- grid.SampleGridTestCase -->
