<?xml version="1.0" encoding="UTF-8"?>
<testsuite name="TestSuite" time="28.444" tests="2" errors="0" skipped="0" failures="0">
  <properties>
    <property name="PROCESSOR_ARCHITECTURE" value="AMD64"/>
    <property name="file.encoding.pkg" value="sun.io"/>
    <property name="LOGONSERVER" value="\\MicrosoftAccount"/>
    <property name="ProgramData" value="C:\ProgramData"/>
    <property name="java.home" value="C:\Program Files\Java\jdk1.8.0_91\jre"/>
    <property name="NODE_NAME" value="master"/>
    <property name="JENKINS_URL" value="http://localhost:8080/"/>
    <property name="ALLUSERSPROFILE" value="C:\ProgramData"/>
    <property name="java.endorsed.dirs" value="C:\Program Files\Java\jdk1.8.0_91\jre\lib\endorsed"/>
    <property name="PSModulePath" value="C:\Windows\system32\WindowsPowerShell\v1.0\Modules\;C:\Program Files (x86)\AutoIt3\AutoItX"/>
    <property name="=::" value="::\"/>
    <property name="USERDOMAIN" value="MUKESH"/>
    <property name="sun.os.patch.level" value=""/>
    <property name="java.vendor.url" value="http://java.oracle.com/"/>
    <property name="CommonProgramFiles(x86)" value="C:\Program Files (x86)\Common Files"/>
    <property name="java.version" value="1.8.0_91"/>
    <property name="JOB_NAME" value="LoginBuild"/>
    <property name="COMPUTERNAME" value="MUKESH"/>
    <property name="ANDROID_HOME" value="G:\Software\Software\Android\SDK\android-sdk-windows"/>
    <property name="java.vendor.url.bug" value="http://bugreport.sun.com/bugreport/"/>
    <property name="PUBLIC" value="C:\Users\Public"/>
    <property name="VS120COMNTOOLS" value="C:\Program Files (x86)\Microsoft Visual Studio 12.0\Common7\Tools\"/>
    <property name="VRAY_RT_FOR_3DSMAX2013_MAIN_x64" value="C:\Program Files\Chaos Group\V-Ray\RT for 3ds Max 2013 for x64/bin"/>
    <property name="CM2015DIR" value="C:\Program Files (x86)\Common Files\Autodesk Shared\Materials\"/>
    <property name="user.name" value="Mukesh_50"/>
    <property name="sun.io.unicode.encoding" value="UnicodeLittle"/>
    <property name="sun.jnu.encoding" value="Cp1252"/>
    <property name="java.runtime.name" value="Java(TM) SE Runtime Environment"/>
    <property name="windir" value="C:\Windows"/>
    <property name="PROCESSOR_IDENTIFIER" value="Intel64 Family 6 Model 69 Stepping 1, GenuineIntel"/>
    <property name="java.specification.name" value="Java Platform API Specification"/>
    <property name="LOCALAPPDATA" value="C:\Users\Mukesh_50\AppData\Local"/>
    <property name="RUN_CHANGES_DISPLAY_URL" value="http://localhost:8080/job/LoginBuild/4/display/redirect?page=changes"/>
    <property name="user.timezone" value="Asia/Calcutta"/>
    <property name="user.script" value=""/>
    <property name="path.separator" value=";"/>
    <property name="NUMBER_OF_PROCESSORS" value="4"/>
    <property name="BUILD_TAG" value="jenkins-LoginBuild-4"/>
    <property name="file.encoding" value="Cp1252"/>
    <property name="VS140COMNTOOLS" value="C:\Program Files (x86)\Microsoft Visual Studio 14.0\Common7\Tools\"/>
    <property name="sun.java.command" value="jenkins.maven3.agent.Maven33Main C:\Software\Maven\apache-maven-3.3.1 C:\Users\Mukesh_50\.jenkins\war\WEB-INF\lib\remoting-3.7.jar C:\Users\Mukesh_50\.jenkins\plugins\maven-plugin\WEB-INF\lib\maven33-interceptor-1.12-alpha-1.jar C:\Users\Mukesh_50\.jenkins\plugins\maven-plugin\WEB-INF\lib\maven3-interceptor-commons-1.12-alpha-1.jar 51922"/>
    <property name="HUDSON_URL" value="http://localhost:8080/"/>
    <property name="JENKINS_SERVER_COOKIE" value="c4b5175723538cc4"/>
    <property name="EXECUTOR_NUMBER" value="1"/>
    <property name="Path" value="C:\Program Files\Java\jdk1.8.0_91/bin;C:\ProgramData\Oracle\Java\javapath;c:\Program Files (x86)\Intel\iCLS Client\;c:\Program Files\Intel\iCLS Client\;C:\Windows\system32;C:\Windows;C:\Windows\System32\Wbem;C:\Windows\System32\WindowsPowerShell\v1.0\;C:\Program Files\Intel\Intel(R) Management Engine Components\DAL;C:\Program Files\Intel\Intel(R) Management Engine Components\IPT;C:\Program Files (x86)\Intel\Intel(R) Management Engine Components\DAL;C:\Program Files (x86)\Intel\Intel(R) Management Engine Components\IPT;C:\Program Files (x86)\Git\cmd;C:\Software\Maven\apache-maven-3.3.1\bin;C:\Mukesh\drive\Selenium\Ant\apache-ant-1.9.4\bin;C:\Program Files (x86)\nodejs\;G:\Software\Software\Android\SDK\android-sdk-windows\platform-tools;G:\Software\Software\Android\SDK\android-sdk-windows\tools;C:\Program Files\Java\jdk1.8.0_91\lib;;C:\Program Files (x86)\GNU\GnuPG\pub;C:\Program Files (x86)\Skype\Phone\;C:\Users\Mukesh_50\AppData\Local\Programs\Python\Python35;C:\Program Files (x86)\MySQL\MySQL Utilities 1.4\;C:\Program Files (x86)\MySQL\MySQL Utilities 1.4\Doctrine extensions for PHP\;C:\Users\Mukesh_50\AppData\Local\Programs\Python\Python35\Scripts;C:\Users\Mukesh_50\Desktop\My blog\bad deve\apache-tomcat-7.0.32-windows-x64\apache-tomcat-7.0.32\bin;C:\Program Files\Common Files\Autodesk Shared\;C:\Program Files (x86)\Autodesk\Backburner\;C:\Program Files\Microsoft SQL Server\130\Tools\Binn\;C:\Program Files\Java\jdk1.8.0_91\bin;G:\Software\Software\Phantom\phantomjs-2.0.0-windows\bin;;C:\Android;C:\Windows\System32;G:\Selenium\Selenium Drivers\;C:\Users\Mukesh_50\AppData\Local\Programs\Python\Launcher\;C:\Users\Mukesh_50\AppData\Roaming\npm"/>
    <property name="ILMDIR" value="C:\Program Files (x86)\Common Files\Autodesk Shared\Materials\"/>
    <property name="java.io.tmpdir" value="C:\Users\MUKESH~1\AppData\Local\Temp\"/>
    <property name="APPDATA" value="C:\Users\Mukesh_50\AppData\Roaming"/>
    <property name="user.language" value="en"/>
    <property name="line.separator" value="&#10;"/>
    <property name="BUILD_URL" value="http://localhost:8080/job/LoginBuild/4/"/>
    <property name="M2_HOME" value="C:\Software\Maven\apache-maven-3.3.1"/>
    <property name="=C:" value="C:\Users\Mukesh_50\Desktop\Jenkins2.46.1"/>
    <property name="java.vm.info" value="mixed mode"/>
    <property name="Browser" value="IE"/>
    <property name="sun.desktop" value="windows"/>
    <property name="java.vm.specification.name" value="Java Virtual Machine Specification"/>
    <property name="BUILD_DISPLAY_NAME" value="#4"/>
    <property name="OS" value="Windows_NT"/>
    <property name="guice.disable.misplaced.annotation.check" value="true"/>
    <property name="VRAY_RT_FOR_3DSMAX2013_PLUGINS_x64" value="C:\Program Files\Chaos Group\V-Ray\RT for 3ds Max 2013 for x64/bin/plugins"/>
    <property name="HUDSON_SERVER_COOKIE" value="c4b5175723538cc4"/>
    <property name="TESTNG_HOME" value="C:\Mukesh\drive\Selenium\testlib\*.jar;"/>
    <property name="MAVEN_HOME" value="C:\Software\Maven\apache-maven-3.3.1"/>
    <property name="CATELINA_HOME" value="C:\Users\Mukesh_50\Desktop\My blog\bad deve\apache-tomcat-7.0.32-windows-x64\apache-tomcat-7.0.32"/>
    <property name="SESSIONNAME" value="Console"/>
    <property name="PATHEXT" value=".COM;.EXE;.BAT;.CMD;.VBS;.VBE;.JS;.JSE;.WSF;.WSH;.MSC;.PY"/>
    <property name="java.awt.printerjob" value="sun.awt.windows.WPrinterJob"/>
    <property name="maven3.interceptor.common" value="C:\Users\Mukesh_50\.jenkins\plugins\maven-plugin\WEB-INF\lib\maven3-interceptor-commons-1.12-alpha-1.jar"/>
    <property name="CLASSPATH" value=""/>
    <property name="HOMEPATH" value="\Users\Mukesh_50"/>
    <property name="os.name" value="Windows 8.1"/>
    <property name="java.specification.vendor" value="Oracle Corporation"/>
    <property name="FP_NO_HOST_CHECK" value="NO"/>
    <property name="java.vm.name" value="Java HotSpot(TM) 64-Bit Server VM"/>
    <property name="BUILD_NUMBER" value="4"/>
    <property name="maven3.interceptor" value="C:\Users\Mukesh_50\.jenkins\plugins\maven-plugin\WEB-INF\lib\maven33-interceptor-1.12-alpha-1.jar"/>
    <property name="java.library.path" value="C:\Program Files\Java\jdk1.8.0_91\bin;C:\Windows\Sun\Java\bin;C:\Windows\system32;C:\Windows;C:\Software\Maven\apache-maven-3.3.1/bin;C:\Program Files\Java\jdk1.8.0_91/bin;C:\Program Files\Java\jdk1.8.0_91/bin;C:\ProgramData\Oracle\Java\javapath;c:\Program Files (x86)\Intel\iCLS Client\;c:\Program Files\Intel\iCLS Client\;C:\Windows\system32;C:\Windows;C:\Windows\System32\Wbem;C:\Windows\System32\WindowsPowerShell\v1.0\;C:\Program Files\Intel\Intel(R) Management Engine Components\DAL;C:\Program Files\Intel\Intel(R) Management Engine Components\IPT;C:\Program Files (x86)\Intel\Intel(R) Management Engine Components\DAL;C:\Program Files (x86)\Intel\Intel(R) Management Engine Components\IPT;C:\Program Files (x86)\Git\cmd;C:\Software\Maven\apache-maven-3.3.1\bin;C:\Mukesh\drive\Selenium\Ant\apache-ant-1.9.4\bin;C:\Program Files (x86)\nodejs\;G:\Software\Software\Android\SDK\android-sdk-windows\platform-tools;G:\Software\Software\Android\SDK\android-sdk-windows\tools;C:\Program Files\Java\jdk1.8.0_91\lib;;C:\Program Files (x86)\GNU\GnuPG\pub;C:\Program Files (x86)\Skype\Phone\;C:\Users\Mukesh_50\AppData\Local\Programs\Python\Python35;C:\Program Files (x86)\MySQL\MySQL Utilities 1.4\;C:\Program Files (x86)\MySQL\MySQL Utilities 1.4\Doctrine extensions for PHP\;C:\Users\Mukesh_50\AppData\Local\Programs\Python\Python35\Scripts;C:\Users\Mukesh_50\Desktop\My blog\bad deve\apache-tomcat-7.0.32-windows-x64\apache-tomcat-7.0.32\bin;C:\Program Files\Common Files\Autodesk Shared\;C:\Program Files (x86)\Autodesk\Backburner\;C:\Program Files\Microsoft SQL Server\130\Tools\Binn\;C:\Program Files\Java\jdk1.8.0_91\bin;G:\Software\Software\Phantom\phantomjs-2.0.0-windows\bin;;C:\Android;C:\Windows\System32;G:\Selenium\Selenium Drivers\;C:\Users\Mukesh_50\AppData\Local\Programs\Python\Launcher\;C:\Users\Mukesh_50\AppData\Roaming\npm;."/>
    <property name="HOMEDRIVE" value="C:"/>
    <property name="POM_GROUPID" value="com.learnautomation.framework"/>
    <property name="POM_ARTIFACTID" value="com.learnautomation.framework"/>
    <property name="java.class.version" value="52.0"/>
    <property name="java.net.preferIPv6Stack" value="true"/>
    <property name="JOB_URL" value="http://localhost:8080/job/LoginBuild/"/>
    <property name="ANT_HOME" value="C:\Mukesh\drive\Selenium\Ant\apache-ant-1.9.4"/>
    <property name="RUN_DISPLAY_URL" value="http://localhost:8080/job/LoginBuild/4/display/redirect"/>
    <property name="JENKINS_HOME" value="C:\Users\Mukesh_50\.jenkins"/>
    <property name="BUILD_ID" value="4"/>
    <property name="TEMP" value="C:\Users\MUKESH~1\AppData\Local\Temp"/>
    <property name="sun.boot.library.path" value="C:\Program Files\Java\jdk1.8.0_91\jre\bin"/>
    <property name="sun.management.compiler" value="HotSpot 64-Bit Tiered Compilers"/>
    <property name="java.awt.graphicsenv" value="sun.awt.Win32GraphicsEnvironment"/>
    <property name="user.variant" value=""/>
    <property name="PROCESSOR_REVISION" value="4501"/>
    <property name="POM_VERSION" value="0.0.1-SNAPSHOT"/>
    <property name="HUDSON_HOME" value="C:\Users\Mukesh_50\.jenkins"/>
    <property name="ProgramFiles(x86)" value="C:\Program Files (x86)"/>
    <property name="PATH+MAVEN" value="C:\Software\Maven\apache-maven-3.3.1/bin"/>
    <property name="USERDOMAIN_ROAMINGPROFILE" value="MUKESH"/>
    <property name="SCITE_USERHOME" value="C:\Users\Mukesh_50\AppData\Local\AutoIt v3\SciTE"/>
    <property name="PROMPT" value="$P$G"/>
    <property name="java.vm.specification.version" value="1.8"/>
    <property name="JAVA_HOME" value="C:\Program Files\Java\jdk1.8.0_91"/>
    <property name="awt.toolkit" value="sun.awt.windows.WToolkit"/>
    <property name="NODE_LABELS" value="master"/>
    <property name="sun.cpu.isalist" value="amd64"/>
    <property name="USERPROFILE" value="C:\Users\Mukesh_50"/>
    <property name="JOB_DISPLAY_URL" value="http://localhost:8080/job/LoginBuild/display/redirect"/>
    <property name="java.ext.dirs" value="C:\Program Files\Java\jdk1.8.0_91\jre\lib\ext;C:\Windows\Sun\Java\lib\ext"/>
    <property name="os.version" value="6.3"/>
    <property name="CM2013DIR" value="C:\Program Files (x86)\Common Files\Autodesk Shared\Materials\"/>
    <property name="user.home" value="C:\Users\Mukesh_50"/>
    <property name="USERNAME" value="Mukesh_50"/>
    <property name="java.vm.vendor" value="Oracle Corporation"/>
    <property name="PROCESSOR_LEVEL" value="6"/>
    <property name="CommonProgramW6432" value="C:\Program Files\Common Files"/>
    <property name="user.dir" value="C:\SeleniumAug\com.learnautomation.framework"/>
    <property name="ProgramW6432" value="C:\Program Files"/>
    <property name="TMP" value="C:\Users\MUKESH~1\AppData\Local\Temp"/>
    <property name="_JAVA_OPTIONS" value="-Djava.net.preferIPv6Stack=true"/>
    <property name="sun.cpu.endian" value="little"/>
    <property name="ADSK_MAXDES_x64_2013" value="C:\Program Files\Autodesk\3ds Max Design 2013\"/>
    <property name="SystemDrive" value="C:"/>
    <property name="java.vm.version" value="25.91-b15"/>
    <property name="java.class.path" value="C:\Users\Mukesh_50\.jenkins\plugins\maven-plugin\WEB-INF\lib\maven33-agent-1.12-alpha-1.jar;C:\Software\Maven\apache-maven-3.3.1\boot\plexus-classworlds-2.5.2.jar;C:\Software\Maven\apache-maven-3.3.1/conf/logging"/>
    <property name="org.slf4j.simpleLogger.defaultLogLevel" value="info"/>
    <property name="os.arch" value="amd64"/>
    <property name="WORKSPACE" value="C:\Users\Mukesh_50\.jenkins\workspace\LoginBuild"/>
    <property name="ComSpec" value="C:\Windows\system32\cmd.exe"/>
    <property name="ANDROID_SDK_HOME" value="C:\Android"/>
    <property name="sun.java.launcher" value="SUN_STANDARD"/>
    <property name="VRAY_METASL_PATH_MSL12" value="C:\Program Files\Chaos Group\V-Ray\3dsmax 2013 for x64/metasl/msl12"/>
    <property name="SystemRoot" value="C:\Windows"/>
    <property name="CommonProgramFiles" value="C:\Program Files\Common Files"/>
    <property name="java.vm.specification.vendor" value="Oracle Corporation"/>
    <property name="file.separator" value="\"/>
    <property name="java.runtime.version" value="1.8.0_91-b15"/>
    <property name="ProgramFiles" value="C:\Program Files"/>
    <property name="sun.boot.class.path" value="C:\Program Files\Java\jdk1.8.0_91\jre\lib\resources.jar;C:\Program Files\Java\jdk1.8.0_91\jre\lib\rt.jar;C:\Program Files\Java\jdk1.8.0_91\jre\lib\sunrsasign.jar;C:\Program Files\Java\jdk1.8.0_91\jre\lib\jsse.jar;C:\Program Files\Java\jdk1.8.0_91\jre\lib\jce.jar;C:\Program Files\Java\jdk1.8.0_91\jre\lib\charsets.jar;C:\Program Files\Java\jdk1.8.0_91\jre\lib\jfr.jar;C:\Program Files\Java\jdk1.8.0_91\jre\classes"/>
    <property name="ILBDIR" value="C:\Program Files (x86)\Common Files\Autodesk Shared\Materials\"/>
    <property name="PATH+JDK" value="C:\Program Files\Java\jdk1.8.0_91/bin"/>
    <property name="=ExitCode" value="00000082"/>
    <property name="user.country" value="US"/>
    <property name="POM_PACKAGING" value="jar"/>
    <property name="maven.home" value="C:\Software\Maven\apache-maven-3.3.1"/>
    <property name="CM2014DIR" value="C:\Program Files (x86)\Common Files\Autodesk Shared\Materials\"/>
    <property name="JOB_BASE_NAME" value="LoginBuild"/>
    <property name="java.vendor" value="Oracle Corporation"/>
    <property name="POM_DISPLAYNAME" value="com.learnautomation.framework"/>
    <property name="java.specification.version" value="1.8"/>
    <property name="sun.arch.data.model" value="64"/>
  </properties>
  <testcase name="loginWithValidCredentials" classname="application.testcases.LoginTestScenarios4" time="13.818"/>
  <testcase name="logOut" classname="application.testcases.LoginTestScenarios4" time="14.626"/>
</testsuite>