<?xml version="1.0" encoding="UTF-8"?>
<!-- Generated by org.testng.reporters.JUnitReportReporter -->
<testsuite hostname="Mukesh" name="application.testcases.LoginTestScenarios4" tests="2" failures="0" timestamp="29 Oct 2017 04:40:47 GMT" time="34.198" errors="0">
  <testcase name="loginWithValidCredentials" time="17.035" classname="application.testcases.LoginTestScenarios4"/>
  <testcase name="logOut" time="17.163" classname="application.testcases.LoginTestScenarios4"/>
</testsuite> <!-- application.testcases.LoginTestScenarios4 -->
